<?xml version="1.0" encoding="UTF-8"?>
<!-- Generated by org.testng.reporters.JUnitReportReporter -->
<testsuite hostname="BABLOO-24" failures="0" tests="1" name="ai.iamneo.assignmentthree.Testing_Selenium_TestngThree.AppTest" time="15.413" errors="0" timestamp="2023-05-27T17:23:31 IST" skipped="0">
  <testcase classname="ai.iamneo.assignmentthree.Testing_Selenium_TestngThree.AppTest" name="countLinksOnHomePage" time="15.413"/>
  <system-out/>
</testsuite> <!-- ai.iamneo.assignmentthree.Testing_Selenium_TestngThree.AppTest -->
