<?xml version="1.0" encoding="UTF-8"?>
<!-- Generated by org.testng.reporters.JUnitReportReporter -->
<testsuite hostname="BABLOO-24" failures="0" tests="1" name="ai.iamneo.assignmentthree.AppTest" time="9.390" errors="0" timestamp="2023-05-25T10:59:16 IST" skipped="0">
  <testcase classname="ai.iamneo.assignmentthree.AppTest" name="printLinksOnHomePage" time="9.390"/>
  <system-out/>
</testsuite> <!-- ai.iamneo.assignmentthree.AppTest -->
